This is XeTeX, Version 3.14159265-2.6-0.999992 (TeX Live 2020) (preloaded format=xelatex 2020.6.9)  9 JUN 2020 21:06
entering extended mode
 restricted \write18 enabled.
 %&-line parsing enabled.
**template.tex
(./template.tex
LaTeX2e <2020-02-02> patch level 5
L3 programming layer <2020-03-06> (./fortysecondscv.cls
Document Class: fortysecondscv 2020/02/09 CV class
(/usr/local/texlive/2020/texmf-dist/tex/latex/xcolor/xcolor.sty
Package: xcolor 2016/05/11 v2.12 LaTeX color extensions (UK)

(/usr/local/texlive/2020/texmf-dist/tex/latex/graphics-cfg/color.cfg
File: color.cfg 2016/01/02 v1.6 sample color configuration
)
Package xcolor Info: Driver file: xetex.def on input line 225.

(/usr/local/texlive/2020/texmf-dist/tex/latex/graphics-def/xetex.def
File: xetex.def 2017/06/24 v5.0h Graphics/color driver for xetex
)
Package xcolor Info: Model `cmy' substituted by `cmy0' on input line 1348.
Package xcolor Info: Model `RGB' extended on input line 1364.
Package xcolor Info: Model `HTML' substituted by `rgb' on input line 1366.
Package xcolor Info: Model `Hsb' substituted by `hsb' on input line 1367.
Package xcolor Info: Model `tHsb' substituted by `hsb' on input line 1368.
Package xcolor Info: Model `HSB' substituted by `hsb' on input line 1369.
Package xcolor Info: Model `Gray' substituted by `gray' on input line 1370.
Package xcolor Info: Model `wave' substituted by `hsb' on input line 1371.

(/usr/local/texlive/2020/texmf-dist/tex/latex/graphics/dvipsnam.def
File: dvipsnam.def 2016/06/17 v3.0m Driver-dependent file (DPC,SPQR)
)
(/usr/local/texlive/2020/texmf-dist/tex/latex/xcolor/svgnam.def
File: svgnam.def 2016/05/11 v2.12 Predefined colors according to SVG 1.1 (UK)
)
(/usr/local/texlive/2020/texmf-dist/tex/latex/xcolor/x11nam.def
File: x11nam.def 2016/05/11 v2.12 Predefined colors according to Unix/X11 (UK)
))
(/usr/local/texlive/2020/texmf-dist/tex/latex/textpos/textpos.sty
Package: textpos 2019/04/15 v1.9.1

Package: textpos 2019/04/15 1.9.1, absolute positioning of text on the page
(/usr/local/texlive/2020/texmf-dist/tex/latex/ms/everyshi.sty
Package: everyshi 2001/05/15 v3.00 EveryShipout Package (MS)
)
(/usr/local/texlive/2020/texmf-dist/tex/latex/graphics/keyval.sty
Package: keyval 2014/10/28 v1.15 key=value parser (DPC)
\KV@toks@=\toks15
)
\TP@textbox=\box45
\TP@holdbox=\box46
\TPHorizModule=\dimen134
\TPVertModule=\dimen135
\TP@margin=\dimen136
\TP@absmargin=\dimen137

Grid set 16 x 16 = 0.0pt x 0.0pt
\TPboxrulesize=\dimen138
\TP@ox=\dimen139
\TP@oy=\dimen140
\TP@tbargs=\toks16
\TP@prevdepth=\dimen141
TextBlockOrigin set to 0pt x 0pt
) (/usr/local/texlive/2020/texmf-dist/tex/latex/xkeyval/xkeyval.sty
Package: xkeyval 2014/12/03 v2.7a package option processing (HA)

(/usr/local/texlive/2020/texmf-dist/tex/generic/xkeyval/xkeyval.tex
(/usr/local/texlive/2020/texmf-dist/tex/generic/xkeyval/xkvutils.tex
\XKV@toks=\toks17
\XKV@tempa@toks=\toks18
)
\XKV@depth=\count163
File: xkeyval.tex 2014/12/03 v2.7a key=value parser (HA)
))
(/usr/local/texlive/2020/texmf-dist/tex/latex/etoolbox/etoolbox.sty
Package: etoolbox 2019/09/21 v2.5h e-TeX tools for LaTeX (JAW)
\etb@tempcnta=\count164
)
(/usr/local/texlive/2020/texmf-dist/tex/latex/tools/calc.sty
Package: calc 2017/05/25 v4.3 Infix arithmetic (KKT,FJ)
\calc@Acount=\count165
\calc@Bcount=\count166
\calc@Adimen=\dimen142
\calc@Bdimen=\dimen143
\calc@Askip=\skip47
\calc@Bskip=\skip48
LaTeX Info: Redefining \setlength on input line 80.
LaTeX Info: Redefining \addtolength on input line 81.
\calc@Ccount=\count167
\calc@Cskip=\skip49
)
(/usr/local/texlive/2020/texmf-dist/tex/latex/geometry/geometry.sty
Package: geometry 2020/01/02 v5.9 Page Geometry

(/usr/local/texlive/2020/texmf-dist/tex/generic/iftex/ifvtex.sty
Package: ifvtex 2019/10/25 v1.7 ifvtex legacy package. Use iftex instead.

(/usr/local/texlive/2020/texmf-dist/tex/generic/iftex/iftex.sty
Package: iftex 2020/03/06 v1.0d TeX engine tests
))
\Gm@cnth=\count168
\Gm@cntv=\count169
\c@Gm@tempcnt=\count170
\Gm@bindingoffset=\dimen144
\Gm@wd@mp=\dimen145
\Gm@odd@mp=\dimen146
\Gm@even@mp=\dimen147
\Gm@layoutwidth=\dimen148
\Gm@layoutheight=\dimen149
\Gm@layouthoffset=\dimen150
\Gm@layoutvoffset=\dimen151
\Gm@dimlist=\toks19
)
\sidebarwidth=\skip50
\topbottommargin=\skip51
\leftrightmargin=\skip52
\sidebartextwidth=\skip53
\profilepicsize=\skip54
\profilepicborderwidth=\skip55
\profilepicxshift=\skip56
\profilepicyshift=\skip57
\profilepicrounding=\skip58

(/usr/local/texlive/2020/texmf-dist/tex/latex/base/article.cls
Document Class: article 2019/12/20 v1.4l Standard LaTeX document class
(/usr/local/texlive/2020/texmf-dist/tex/latex/base/size10.clo
File: size10.clo 2019/12/20 v1.4l Standard LaTeX file (size option)
)
\c@part=\count171
\c@section=\count172
\c@subsection=\count173
\c@subsubsection=\count174
\c@paragraph=\count175
\c@subparagraph=\count176
\c@figure=\count177
\c@table=\count178
\abovecaptionskip=\skip59
\belowcaptionskip=\skip60
\bibindent=\dimen152
)
(/usr/local/texlive/2020/texmf-dist/tex/latex/clearsans/ClearSans.sty
Package: ClearSans 2019/10/16 (Bob Tennent) Supports Clear-Sans fonts for all L
aTeX engines.

(/usr/local/texlive/2020/texmf-dist/tex/generic/iftex/ifxetex.sty
Package: ifxetex 2019/10/25 v0.7 ifxetex legacy package. Use iftex instead.
)
(/usr/local/texlive/2020/texmf-dist/tex/generic/iftex/ifluatex.sty
Package: ifluatex 2019/10/25 v1.5 ifluatex legacy package. Use iftex instead.
)
(/usr/local/texlive/2020/texmf-dist/tex/latex/base/textcomp.sty
Package: textcomp 2020/02/02 v2.0n Standard LaTeX package
)
(/usr/local/texlive/2020/texmf-dist/tex/latex/fontspec/fontspec.sty
(/usr/local/texlive/2020/texmf-dist/tex/latex/l3packages/xparse/xparse.sty
(/usr/local/texlive/2020/texmf-dist/tex/latex/l3kernel/expl3.sty
Package: expl3 2020-03-06 L3 programming layer (loader) 

(/usr/local/texlive/2020/texmf-dist/tex/latex/l3backend/l3backend-xdvipdfmx.def
File: l3backend-xdvipdfmx.def 2020-03-12 L3 backend support: xdvipdfmx
\g__graphics_track_int=\count179
\l__pdf_internal_box=\box47
\g__pdf_backend_object_int=\count180
\g__pdf_backend_annotation_int=\count181
))
Package: xparse 2020-03-06 L3 Experimental document command parser
\l__xparse_current_arg_int=\count182
\g__xparse_grabber_int=\count183
\l__xparse_m_args_int=\count184
\l__xparse_v_nesting_int=\count185
)
Package: fontspec 2020/02/21 v2.7i Font selection for XeLaTeX and LuaLaTeX
 (/usr/local/texlive/2020/texmf-dist/tex/latex/fontspec/fontspec-xetex.sty
Package: fontspec-xetex 2020/02/21 v2.7i Font selection for XeLaTeX and LuaLaTe
X
\l__fontspec_script_int=\count186
\l__fontspec_language_int=\count187
\l__fontspec_strnum_int=\count188
\l__fontspec_tmp_int=\count189
\l__fontspec_tmpa_int=\count190
\l__fontspec_tmpb_int=\count191
\l__fontspec_tmpc_int=\count192
\l__fontspec_em_int=\count193
\l__fontspec_emdef_int=\count194
\l__fontspec_strong_int=\count195
\l__fontspec_strongdef_int=\count196
\l__fontspec_tmpa_dim=\dimen153
\l__fontspec_tmpb_dim=\dimen154
\l__fontspec_tmpc_dim=\dimen155

(/usr/local/texlive/2020/texmf-dist/tex/latex/base/fontenc.sty
Package: fontenc 2020/02/11 v2.0o Standard LaTeX package
)
(/usr/local/texlive/2020/texmf-dist/tex/latex/fontspec/fontspec.cfg)))
Requested font "[ClearSans-Regular.ttf]/OT" at 9.99997pt
 -> /usr/local/texlive/2020/texmf-dist/fonts/truetype/intel/clearsans/ClearSans
-Regular.ttf
Requested font "[ClearSans-Regular.ttf]/OT" at 10.00003pt
 -> /usr/local/texlive/2020/texmf-dist/fonts/truetype/intel/clearsans/ClearSans
-Regular.ttf
Requested font "[ClearSans-Regular.ttf]/OT:script=latn;language=dflt;" at 10.00
003pt
 -> /usr/local/texlive/2020/texmf-dist/fonts/truetype/intel/clearsans/ClearSans
-Regular.ttf
Requested font "[ClearSans-Bold.ttf]/OT:script=latn;language=dflt;" at 10.00003
pt
 -> /usr/local/texlive/2020/texmf-dist/fonts/truetype/intel/clearsans/ClearSans
-Bold.ttf
Requested font "[ClearSans-Italic.ttf]/OT:script=latn;language=dflt;" at 10.000
03pt
 -> /usr/local/texlive/2020/texmf-dist/fonts/truetype/intel/clearsans/ClearSans
-Italic.ttf
Requested font "[ClearSans-BoldItalic.ttf]/OT:script=latn;language=dflt;" at 10
.00003pt
 -> /usr/local/texlive/2020/texmf-dist/fonts/truetype/intel/clearsans/ClearSans
-BoldItalic.ttf

Package fontspec Info: Font family 'ClearSans(0)' created for font 'ClearSans'
(fontspec)             with options [Ligatures = TeX,Scale = 1,Extension =
(fontspec)             .ttf,Ligatures=TeX,UprightFont = *-Regular,ItalicFont =
(fontspec)             *-Italic,BoldFont = *-Bold,BoldItalicFont =
(fontspec)             *-BoldItalic].
(fontspec)              
(fontspec)              This font family consists of the following NFSS
(fontspec)             series/shapes:
(fontspec)              
(fontspec)             - 'normal' (m/n) with NFSS spec.:
(fontspec)             <->s*[1]"[ClearSans-Regular.ttf]/OT:script=latn;language
=dflt;mapping=tex-text;"
(fontspec)             - 'small caps'  (m/sc) with NFSS spec.: 
(fontspec)             - 'bold' (b/n) with NFSS spec.:
(fontspec)             <->s*[1]"[ClearSans-Bold.ttf]/OT:script=latn;language=df
lt;mapping=tex-text;"
(fontspec)             - 'bold small caps'  (b/sc) with NFSS spec.: 
(fontspec)             - 'italic' (m/it) with NFSS spec.:
(fontspec)             <->s*[1]"[ClearSans-Italic.ttf]/OT:script=latn;language=
dflt;mapping=tex-text;"
(fontspec)             - 'italic small caps'  (m/scit) with NFSS spec.: 
(fontspec)             - 'bold italic' (b/it) with NFSS spec.:
(fontspec)             <->s*[1]"[ClearSans-BoldItalic.ttf]/OT:script=latn;langu
age=dflt;mapping=tex-text;"
(fontspec)             - 'bold italic small caps'  (b/scit) with NFSS spec.: 


Package fontspec Info: Font family 'ClearSans(1)' created for font 'ClearSans'
(fontspec)             with options [Ligatures = TeX,Scale = 1,Extension =
(fontspec)             .ttf,UprightFont = *-Regular,ItalicFont =
(fontspec)             *-Italic,BoldFont = *-Bold,BoldItalicFont =
(fontspec)             *-BoldItalic].
(fontspec)              
(fontspec)              This font family consists of the following NFSS
(fontspec)             series/shapes:
(fontspec)              
(fontspec)             - 'normal' (m/n) with NFSS spec.:
(fontspec)             <->s*[1]"[ClearSans-Regular.ttf]/OT:script=latn;language
=dflt;mapping=tex-text;"
(fontspec)             - 'small caps'  (m/sc) with NFSS spec.: 
(fontspec)             - 'bold' (b/n) with NFSS spec.:
(fontspec)             <->s*[1]"[ClearSans-Bold.ttf]/OT:script=latn;language=df
lt;mapping=tex-text;"
(fontspec)             - 'bold small caps'  (b/sc) with NFSS spec.: 
(fontspec)             - 'italic' (m/it) with NFSS spec.:
(fontspec)             <->s*[1]"[ClearSans-Italic.ttf]/OT:script=latn;language=
dflt;mapping=tex-text;"
(fontspec)             - 'italic small caps'  (m/scit) with NFSS spec.: 
(fontspec)             - 'bold italic' (b/it) with NFSS spec.:
(fontspec)             <->s*[1]"[ClearSans-BoldItalic.ttf]/OT:script=latn;langu
age=dflt;mapping=tex-text;"
(fontspec)             - 'bold italic small caps'  (b/scit) with NFSS spec.: 

Requested font "[ClearSans-Light.ttf]/OT" at 9.99997pt
 -> /usr/local/texlive/2020/texmf-dist/fonts/truetype/intel/clearsans/ClearSans
-Light.ttf
Requested font "[ClearSans-Light.ttf]/OT" at 10.00003pt
 -> /usr/local/texlive/2020/texmf-dist/fonts/truetype/intel/clearsans/ClearSans
-Light.ttf
Requested font "[ClearSans-Light.ttf]/OT:script=latn;language=dflt;" at 10.0000
3pt
 -> /usr/local/texlive/2020/texmf-dist/fonts/truetype/intel/clearsans/ClearSans
-Light.ttf

Package fontspec Info: Font family 'ClearSans(2)' created for font 'ClearSans'
(fontspec)             with options [Ligatures = TeX,Scale = 1,Extension =
(fontspec)             .ttf,UprightFont = *-Light,BoldFont =
(fontspec)             *-Bold,BoldItalicFont = *-BoldItalic].
(fontspec)              
(fontspec)              This font family consists of the following NFSS
(fontspec)             series/shapes:
(fontspec)              
(fontspec)             - 'normal' (m/n) with NFSS spec.:
(fontspec)             <->s*[1]"[ClearSans-Light.ttf]/OT:script=latn;language=d
flt;mapping=tex-text;"
(fontspec)             - 'small caps'  (m/sc) with NFSS spec.: 
(fontspec)             - 'bold' (b/n) with NFSS spec.:
(fontspec)             <->s*[1]"[ClearSans-Bold.ttf]/OT:script=latn;language=df
lt;mapping=tex-text;"
(fontspec)             - 'bold small caps'  (b/sc) with NFSS spec.: 
(fontspec)             - 'bold italic' (b/it) with NFSS spec.:
(fontspec)             <->s*[1]"[ClearSans-BoldItalic.ttf]/OT:script=latn;langu
age=dflt;mapping=tex-text;"
(fontspec)             - 'bold italic small caps'  (b/scit) with NFSS spec.: 

Requested font "[ClearSans-Thin.ttf]/OT" at 9.99997pt
 -> /usr/local/texlive/2020/texmf-dist/fonts/truetype/intel/clearsans/ClearSans
-Thin.ttf
Requested font "[ClearSans-Thin.ttf]/OT" at 10.00003pt
 -> /usr/local/texlive/2020/texmf-dist/fonts/truetype/intel/clearsans/ClearSans
-Thin.ttf
Requested font "[ClearSans-Thin.ttf]/OT:script=latn;language=dflt;" at 10.00003
pt
 -> /usr/local/texlive/2020/texmf-dist/fonts/truetype/intel/clearsans/ClearSans
-Thin.ttf

Package fontspec Info: Font family 'ClearSans(3)' created for font 'ClearSans'
(fontspec)             with options [Ligatures = TeX,Scale = 1,Extension =
(fontspec)             .ttf,UprightFont = *-Thin,BoldFont =
(fontspec)             *-Bold,BoldItalicFont = *-BoldItalic].
(fontspec)              
(fontspec)              This font family consists of the following NFSS
(fontspec)             series/shapes:
(fontspec)              
(fontspec)             - 'normal' (m/n) with NFSS spec.:
(fontspec)             <->s*[1]"[ClearSans-Thin.ttf]/OT:script=latn;language=df
lt;mapping=tex-text;"
(fontspec)             - 'small caps'  (m/sc) with NFSS spec.: 
(fontspec)             - 'bold' (b/n) with NFSS spec.:
(fontspec)             <->s*[1]"[ClearSans-Bold.ttf]/OT:script=latn;language=df
lt;mapping=tex-text;"
(fontspec)             - 'bold small caps'  (b/sc) with NFSS spec.: 
(fontspec)             - 'bold italic' (b/it) with NFSS spec.:
(fontspec)             <->s*[1]"[ClearSans-BoldItalic.ttf]/OT:script=latn;langu
age=dflt;mapping=tex-text;"
(fontspec)             - 'bold italic small caps'  (b/scit) with NFSS spec.: 

)
(/usr/local/texlive/2020/texmf-dist/tex/latex/eso-pic/eso-pic.sty
Package: eso-pic 2018/04/12 v2.0h eso-pic (RN)

(/usr/local/texlive/2020/texmf-dist/tex/generic/atbegshi/atbegshi.sty
Package: atbegshi 2019/12/05 v1.19 At begin shipout hook (HO)

(/usr/local/texlive/2020/texmf-dist/tex/generic/infwarerr/infwarerr.sty
Package: infwarerr 2019/12/03 v1.5 Providing info/warning/error messages (HO)
)
(/usr/local/texlive/2020/texmf-dist/tex/generic/ltxcmds/ltxcmds.sty
Package: ltxcmds 2019/12/15 v1.24 LaTeX kernel commands for general use (HO)
)))
(/usr/local/texlive/2020/texmf-dist/tex/latex/titlesec/titlesec.sty
Package: titlesec 2019/10/16 v2.13 Sectioning titles
\ttl@box=\box48
\beforetitleunit=\skip61
\aftertitleunit=\skip62
\ttl@plus=\dimen156
\ttl@minus=\dimen157
\ttl@toksa=\toks20
\titlewidth=\dimen158
\titlewidthlast=\dimen159
\titlewidthfirst=\dimen160
)
(/usr/local/texlive/2020/texmf-dist/tex/latex/graphbox/graphbox.sty
Package: graphbox 2018/01/17 v1.1 extension for graphicx to adjust containing b
ox

(/usr/local/texlive/2020/texmf-dist/tex/latex/graphics/graphicx.sty
Package: graphicx 2019/11/30 v1.2a Enhanced LaTeX Graphics (DPC,SPQR)

(/usr/local/texlive/2020/texmf-dist/tex/latex/graphics/graphics.sty
Package: graphics 2019/11/30 v1.4a Standard LaTeX Graphics (DPC,SPQR)

(/usr/local/texlive/2020/texmf-dist/tex/latex/graphics/trig.sty
Package: trig 2016/01/03 v1.10 sin cos tan (DPC)
)
(/usr/local/texlive/2020/texmf-dist/tex/latex/graphics-cfg/graphics.cfg
File: graphics.cfg 2016/06/04 v1.11 sample graphics configuration
)
Package graphics Info: Driver file: xetex.def on input line 105.
)
\Gin@req@height=\dimen161
\Gin@req@width=\dimen162
)
\Gin@box@box=\box49
\Gin@box@width=\skip63
\Gin@box@height=\skip64
\Gin@box@raise=\skip65
\Gin@box@hspace=\skip66
\Gin@box@bwidth=\skip67
\Gin@box@bheight=\skip68
)
(/usr/local/texlive/2020/texmf-dist/tex/latex/tools/tabularx.sty
Package: tabularx 2020/01/15 v2.11c `tabularx' package (DPC)

(/usr/local/texlive/2020/texmf-dist/tex/latex/tools/array.sty
Package: array 2019/08/31 v2.4l Tabular extension package (FMi)
\col@sep=\dimen163
\ar@mcellbox=\box50
\extrarowheight=\dimen164
\NC@list=\toks21
\extratabsurround=\skip69
\backup@length=\skip70
\ar@cellbox=\box51
)
\TX@col@width=\dimen165
\TX@old@table=\dimen166
\TX@old@col=\dimen167
\TX@target=\dimen168
\TX@delta=\dimen169
\TX@cols=\count197
\TX@ftn=\toks22
)
(/usr/local/texlive/2020/texmf-dist/tex/latex/fontawesome5/fontawesome5.sty
Package: fontawesome5 2020/03/24 v5.13.0 Font Awesome 5

(/usr/local/texlive/2020/texmf-dist/tex/latex/l3packages/l3keys2e/l3keys2e.sty
Package: l3keys2e 2020-03-06 LaTeX2e option processing using LaTeX3 keys
)
(/usr/local/texlive/2020/texmf-dist/tex/latex/fontawesome5/fontawesome5-utex-he
lper.sty
Package: fontawesome5-utex-helper 2020/03/24 v5.13.0 uTeX helper for fontawesom
e5
LaTeX Font Info:    Trying to load font information for TU+fontawesomefree on i
nput line 69.

(/usr/local/texlive/2020/texmf-dist/tex/latex/fontawesome5/tufontawesomefree.fd
)
Requested font "[FontAwesome5Free-Solid-900.otf]:script=latn;" at 10.0pt
 -> /usr/local/texlive/2020/texmf-dist/fonts/opentype/public/fontawesome5/FontA
wesome5Free-Solid-900.otf
LaTeX Font Info:    Trying to load font information for TU+fontawesomebrands on
 input line 70.

(/usr/local/texlive/2020/texmf-dist/tex/latex/fontawesome5/tufontawesomebrands.
fd)
Requested font "[FontAwesome5Brands-Regular-400.otf]:script=latn;" at 10.0pt
 -> /usr/local/texlive/2020/texmf-dist/fonts/opentype/public/fontawesome5/FontA
wesome5Brands-Regular-400.otf
)) (/usr/local/texlive/2020/texmf-dist/tex/latex/academicons/academicons.sty
Package: academicons 2018/06/27 v1.8.6-2 Academicons Icons
) (/usr/local/texlive/2020/texmf-dist/tex/latex/pgf/frontendlayer/tikz.sty
(/usr/local/texlive/2020/texmf-dist/tex/latex/pgf/basiclayer/pgf.sty
(/usr/local/texlive/2020/texmf-dist/tex/latex/pgf/utilities/pgfrcs.sty
(/usr/local/texlive/2020/texmf-dist/tex/generic/pgf/utilities/pgfutil-common.te
x
\pgfutil@everybye=\toks23
\pgfutil@tempdima=\dimen170
\pgfutil@tempdimb=\dimen171

(/usr/local/texlive/2020/texmf-dist/tex/generic/pgf/utilities/pgfutil-common-li
sts.tex))
(/usr/local/texlive/2020/texmf-dist/tex/generic/pgf/utilities/pgfutil-latex.def
\pgfutil@abb=\box52
) (/usr/local/texlive/2020/texmf-dist/tex/generic/pgf/utilities/pgfrcs.code.tex
(/usr/local/texlive/2020/texmf-dist/tex/generic/pgf/pgf.revision.tex)
Package: pgfrcs 2020/01/08 v3.1.5b (3.1.5b)
))
Package: pgf 2020/01/08 v3.1.5b (3.1.5b)

(/usr/local/texlive/2020/texmf-dist/tex/latex/pgf/basiclayer/pgfcore.sty
(/usr/local/texlive/2020/texmf-dist/tex/latex/pgf/systemlayer/pgfsys.sty
(/usr/local/texlive/2020/texmf-dist/tex/generic/pgf/systemlayer/pgfsys.code.tex
Package: pgfsys 2020/01/08 v3.1.5b (3.1.5b)
(/usr/local/texlive/2020/texmf-dist/tex/generic/pgf/utilities/pgfkeys.code.tex
\pgfkeys@pathtoks=\toks24
\pgfkeys@temptoks=\toks25

(/usr/local/texlive/2020/texmf-dist/tex/generic/pgf/utilities/pgfkeysfiltered.c
ode.tex
\pgfkeys@tmptoks=\toks26
))
\pgf@x=\dimen172
\pgf@y=\dimen173
\pgf@xa=\dimen174
\pgf@ya=\dimen175
\pgf@xb=\dimen176
\pgf@yb=\dimen177
\pgf@xc=\dimen178
\pgf@yc=\dimen179
\pgf@xd=\dimen180
\pgf@yd=\dimen181
\w@pgf@writea=\write3
\r@pgf@reada=\read2
\c@pgf@counta=\count198
\c@pgf@countb=\count199
\c@pgf@countc=\count266
\c@pgf@countd=\count267
\t@pgf@toka=\toks27
\t@pgf@tokb=\toks28
\t@pgf@tokc=\toks29
\pgf@sys@id@count=\count268

(/usr/local/texlive/2020/texmf-dist/tex/generic/pgf/systemlayer/pgf.cfg
File: pgf.cfg 2020/01/08 v3.1.5b (3.1.5b)
)
Driver file for pgf: pgfsys-xetex.def

(/usr/local/texlive/2020/texmf-dist/tex/generic/pgf/systemlayer/pgfsys-xetex.de
f
File: pgfsys-xetex.def 2020/01/08 v3.1.5b (3.1.5b)

(/usr/local/texlive/2020/texmf-dist/tex/generic/pgf/systemlayer/pgfsys-dvipdfmx
.def
File: pgfsys-dvipdfmx.def 2020/01/08 v3.1.5b (3.1.5b)

(/usr/local/texlive/2020/texmf-dist/tex/generic/pgf/systemlayer/pgfsys-common-p
df.def
File: pgfsys-common-pdf.def 2020/01/08 v3.1.5b (3.1.5b)
)
\pgfsys@objnum=\count269
)))
(/usr/local/texlive/2020/texmf-dist/tex/generic/pgf/systemlayer/pgfsyssoftpath.
code.tex
File: pgfsyssoftpath.code.tex 2020/01/08 v3.1.5b (3.1.5b)
\pgfsyssoftpath@smallbuffer@items=\count270
\pgfsyssoftpath@bigbuffer@items=\count271
)
(/usr/local/texlive/2020/texmf-dist/tex/generic/pgf/systemlayer/pgfsysprotocol.
code.tex
File: pgfsysprotocol.code.tex 2020/01/08 v3.1.5b (3.1.5b)
))
(/usr/local/texlive/2020/texmf-dist/tex/generic/pgf/basiclayer/pgfcore.code.tex
Package: pgfcore 2020/01/08 v3.1.5b (3.1.5b)
(/usr/local/texlive/2020/texmf-dist/tex/generic/pgf/math/pgfmath.code.tex
(/usr/local/texlive/2020/texmf-dist/tex/generic/pgf/math/pgfmathcalc.code.tex
(/usr/local/texlive/2020/texmf-dist/tex/generic/pgf/math/pgfmathutil.code.tex)
(/usr/local/texlive/2020/texmf-dist/tex/generic/pgf/math/pgfmathparser.code.tex
\pgfmath@dimen=\dimen182
\pgfmath@count=\count272
\pgfmath@box=\box53
\pgfmath@toks=\toks30
\pgfmath@stack@operand=\toks31
\pgfmath@stack@operation=\toks32
)
(/usr/local/texlive/2020/texmf-dist/tex/generic/pgf/math/pgfmathfunctions.code.
tex
(/usr/local/texlive/2020/texmf-dist/tex/generic/pgf/math/pgfmathfunctions.basic
.code.tex)
(/usr/local/texlive/2020/texmf-dist/tex/generic/pgf/math/pgfmathfunctions.trigo
nometric.code.tex)
(/usr/local/texlive/2020/texmf-dist/tex/generic/pgf/math/pgfmathfunctions.rando
m.code.tex)
(/usr/local/texlive/2020/texmf-dist/tex/generic/pgf/math/pgfmathfunctions.compa
rison.code.tex)
(/usr/local/texlive/2020/texmf-dist/tex/generic/pgf/math/pgfmathfunctions.base.
code.tex)
(/usr/local/texlive/2020/texmf-dist/tex/generic/pgf/math/pgfmathfunctions.round
.code.tex)
(/usr/local/texlive/2020/texmf-dist/tex/generic/pgf/math/pgfmathfunctions.misc.
code.tex)
(/usr/local/texlive/2020/texmf-dist/tex/generic/pgf/math/pgfmathfunctions.integ
erarithmetics.code.tex)))
(/usr/local/texlive/2020/texmf-dist/tex/generic/pgf/math/pgfmathfloat.code.tex
\c@pgfmathroundto@lastzeros=\count273
)) (/usr/local/texlive/2020/texmf-dist/tex/generic/pgf/math/pgfint.code.tex)
(/usr/local/texlive/2020/texmf-dist/tex/generic/pgf/basiclayer/pgfcorepoints.co
de.tex
File: pgfcorepoints.code.tex 2020/01/08 v3.1.5b (3.1.5b)
\pgf@picminx=\dimen183
\pgf@picmaxx=\dimen184
\pgf@picminy=\dimen185
\pgf@picmaxy=\dimen186
\pgf@pathminx=\dimen187
\pgf@pathmaxx=\dimen188
\pgf@pathminy=\dimen189
\pgf@pathmaxy=\dimen190
\pgf@xx=\dimen191
\pgf@xy=\dimen192
\pgf@yx=\dimen193
\pgf@yy=\dimen194
\pgf@zx=\dimen195
\pgf@zy=\dimen196
)
(/usr/local/texlive/2020/texmf-dist/tex/generic/pgf/basiclayer/pgfcorepathconst
ruct.code.tex
File: pgfcorepathconstruct.code.tex 2020/01/08 v3.1.5b (3.1.5b)
\pgf@path@lastx=\dimen197
\pgf@path@lasty=\dimen198
)
(/usr/local/texlive/2020/texmf-dist/tex/generic/pgf/basiclayer/pgfcorepathusage
.code.tex
File: pgfcorepathusage.code.tex 2020/01/08 v3.1.5b (3.1.5b)
\pgf@shorten@end@additional=\dimen199
\pgf@shorten@start@additional=\dimen256
)
(/usr/local/texlive/2020/texmf-dist/tex/generic/pgf/basiclayer/pgfcorescopes.co
de.tex
File: pgfcorescopes.code.tex 2020/01/08 v3.1.5b (3.1.5b)
\pgfpic=\box54
\pgf@hbox=\box55
\pgf@layerbox@main=\box56
\pgf@picture@serial@count=\count274
)
(/usr/local/texlive/2020/texmf-dist/tex/generic/pgf/basiclayer/pgfcoregraphicst
ate.code.tex
File: pgfcoregraphicstate.code.tex 2020/01/08 v3.1.5b (3.1.5b)
\pgflinewidth=\dimen257
)
(/usr/local/texlive/2020/texmf-dist/tex/generic/pgf/basiclayer/pgfcoretransform
ations.code.tex
File: pgfcoretransformations.code.tex 2020/01/08 v3.1.5b (3.1.5b)
\pgf@pt@x=\dimen258
\pgf@pt@y=\dimen259
\pgf@pt@temp=\dimen260
)
(/usr/local/texlive/2020/texmf-dist/tex/generic/pgf/basiclayer/pgfcorequick.cod
e.tex
File: pgfcorequick.code.tex 2020/01/08 v3.1.5b (3.1.5b)
)
(/usr/local/texlive/2020/texmf-dist/tex/generic/pgf/basiclayer/pgfcoreobjects.c
ode.tex
File: pgfcoreobjects.code.tex 2020/01/08 v3.1.5b (3.1.5b)
)
(/usr/local/texlive/2020/texmf-dist/tex/generic/pgf/basiclayer/pgfcorepathproce
ssing.code.tex
File: pgfcorepathprocessing.code.tex 2020/01/08 v3.1.5b (3.1.5b)
)
(/usr/local/texlive/2020/texmf-dist/tex/generic/pgf/basiclayer/pgfcorearrows.co
de.tex
File: pgfcorearrows.code.tex 2020/01/08 v3.1.5b (3.1.5b)
\pgfarrowsep=\dimen261
)
(/usr/local/texlive/2020/texmf-dist/tex/generic/pgf/basiclayer/pgfcoreshade.cod
e.tex
File: pgfcoreshade.code.tex 2020/01/08 v3.1.5b (3.1.5b)
\pgf@max=\dimen262
\pgf@sys@shading@range@num=\count275
\pgf@shadingcount=\count276
)
(/usr/local/texlive/2020/texmf-dist/tex/generic/pgf/basiclayer/pgfcoreimage.cod
e.tex
File: pgfcoreimage.code.tex 2020/01/08 v3.1.5b (3.1.5b)

(/usr/local/texlive/2020/texmf-dist/tex/generic/pgf/basiclayer/pgfcoreexternal.
code.tex
File: pgfcoreexternal.code.tex 2020/01/08 v3.1.5b (3.1.5b)
\pgfexternal@startupbox=\box57
))
(/usr/local/texlive/2020/texmf-dist/tex/generic/pgf/basiclayer/pgfcorelayers.co
de.tex
File: pgfcorelayers.code.tex 2020/01/08 v3.1.5b (3.1.5b)
)
(/usr/local/texlive/2020/texmf-dist/tex/generic/pgf/basiclayer/pgfcoretranspare
ncy.code.tex
File: pgfcoretransparency.code.tex 2020/01/08 v3.1.5b (3.1.5b)
)
(/usr/local/texlive/2020/texmf-dist/tex/generic/pgf/basiclayer/pgfcorepatterns.
code.tex
File: pgfcorepatterns.code.tex 2020/01/08 v3.1.5b (3.1.5b)
)
(/usr/local/texlive/2020/texmf-dist/tex/generic/pgf/basiclayer/pgfcorerdf.code.
tex
File: pgfcorerdf.code.tex 2020/01/08 v3.1.5b (3.1.5b)
)))
(/usr/local/texlive/2020/texmf-dist/tex/generic/pgf/modules/pgfmoduleshapes.cod
e.tex
File: pgfmoduleshapes.code.tex 2020/01/08 v3.1.5b (3.1.5b)
\pgfnodeparttextbox=\box58
)
(/usr/local/texlive/2020/texmf-dist/tex/generic/pgf/modules/pgfmoduleplot.code.
tex
File: pgfmoduleplot.code.tex 2020/01/08 v3.1.5b (3.1.5b)
)
(/usr/local/texlive/2020/texmf-dist/tex/latex/pgf/compatibility/pgfcomp-version
-0-65.sty
Package: pgfcomp-version-0-65 2020/01/08 v3.1.5b (3.1.5b)
\pgf@nodesepstart=\dimen263
\pgf@nodesepend=\dimen264
)
(/usr/local/texlive/2020/texmf-dist/tex/latex/pgf/compatibility/pgfcomp-version
-1-18.sty
Package: pgfcomp-version-1-18 2020/01/08 v3.1.5b (3.1.5b)
))
(/usr/local/texlive/2020/texmf-dist/tex/latex/pgf/utilities/pgffor.sty
(/usr/local/texlive/2020/texmf-dist/tex/latex/pgf/utilities/pgfkeys.sty
(/usr/local/texlive/2020/texmf-dist/tex/generic/pgf/utilities/pgfkeys.code.tex)
) (/usr/local/texlive/2020/texmf-dist/tex/latex/pgf/math/pgfmath.sty
(/usr/local/texlive/2020/texmf-dist/tex/generic/pgf/math/pgfmath.code.tex))
(/usr/local/texlive/2020/texmf-dist/tex/generic/pgf/utilities/pgffor.code.tex
Package: pgffor 2020/01/08 v3.1.5b (3.1.5b)

(/usr/local/texlive/2020/texmf-dist/tex/generic/pgf/math/pgfmath.code.tex)
\pgffor@iter=\dimen265
\pgffor@skip=\dimen266
\pgffor@stack=\toks33
\pgffor@toks=\toks34
))
(/usr/local/texlive/2020/texmf-dist/tex/generic/pgf/frontendlayer/tikz/tikz.cod
e.tex
Package: tikz 2020/01/08 v3.1.5b (3.1.5b)

(/usr/local/texlive/2020/texmf-dist/tex/generic/pgf/libraries/pgflibraryplothan
dlers.code.tex
File: pgflibraryplothandlers.code.tex 2020/01/08 v3.1.5b (3.1.5b)
\pgf@plot@mark@count=\count277
\pgfplotmarksize=\dimen267
)
\tikz@lastx=\dimen268
\tikz@lasty=\dimen269
\tikz@lastxsaved=\dimen270
\tikz@lastysaved=\dimen271
\tikz@lastmovetox=\dimen272
\tikz@lastmovetoy=\dimen273
\tikzleveldistance=\dimen274
\tikzsiblingdistance=\dimen275
\tikz@figbox=\box59
\tikz@figbox@bg=\box60
\tikz@tempbox=\box61
\tikz@tempbox@bg=\box62
\tikztreelevel=\count278
\tikznumberofchildren=\count279
\tikznumberofcurrentchild=\count280
\tikz@fig@count=\count281

(/usr/local/texlive/2020/texmf-dist/tex/generic/pgf/modules/pgfmodulematrix.cod
e.tex
File: pgfmodulematrix.code.tex 2020/01/08 v3.1.5b (3.1.5b)
\pgfmatrixcurrentrow=\count282
\pgfmatrixcurrentcolumn=\count283
\pgf@matrix@numberofcolumns=\count284
)
\tikz@expandcount=\count285

(/usr/local/texlive/2020/texmf-dist/tex/generic/pgf/frontendlayer/tikz/librarie
s/tikzlibrarytopaths.code.tex
File: tikzlibrarytopaths.code.tex 2020/01/08 v3.1.5b (3.1.5b)
)))
(/usr/local/texlive/2020/texmf-dist/tex/generic/pgf/frontendlayer/tikz/librarie
s/tikzlibraryarrows.code.tex
File: tikzlibraryarrows.code.tex 2020/01/08 v3.1.5b (3.1.5b)

(/usr/local/texlive/2020/texmf-dist/tex/generic/pgf/libraries/pgflibraryarrows.
code.tex
File: pgflibraryarrows.code.tex 2020/01/08 v3.1.5b (3.1.5b)
\arrowsize=\dimen276
))
(/usr/local/texlive/2020/texmf-dist/tex/generic/pgf/frontendlayer/tikz/librarie
s/tikzlibrarybackgrounds.code.tex
File: tikzlibrarybackgrounds.code.tex 2020/01/08 v3.1.5b (3.1.5b)
\pgf@layerbox@background=\box63
\pgf@layerboxsaved@background=\box64
)
(/usr/local/texlive/2020/texmf-dist/tex/latex/xhfill/xhfill.sty
(/usr/local/texlive/2020/texmf-dist/tex/latex/tools/xspace.sty
Package: xspace 2014/10/28 v1.13 Space after command names (DPC,MH)
)
Package: xhfill 2011/05/14\ v 1.01\ modify width and color of hrulefill
)
(/usr/local/texlive/2020/texmf-dist/tex/latex/base/ifthen.sty
Package: ifthen 2014/09/29 v1.1c Standard LaTeX ifthen package (DPC)
)
(/usr/local/texlive/2020/texmf-dist/tex/latex/hyperref/hyperref.sty
Package: hyperref 2020/01/14 v7.00d Hypertext links for LaTeX

(/usr/local/texlive/2020/texmf-dist/tex/latex/pdftexcmds/pdftexcmds.sty
Package: pdftexcmds 2019/11/24 v0.31 Utility functions of pdfTeX for LuaTeX (HO
)
Package pdftexcmds Info: \pdf@primitive is available.
Package pdftexcmds Info: \pdf@ifprimitive is available.
Package pdftexcmds Info: \pdfdraftmode not found.
)
(/usr/local/texlive/2020/texmf-dist/tex/generic/kvsetkeys/kvsetkeys.sty
Package: kvsetkeys 2019/12/15 v1.18 Key value parser (HO)
)
(/usr/local/texlive/2020/texmf-dist/tex/generic/kvdefinekeys/kvdefinekeys.sty
Package: kvdefinekeys 2019-12-19 v1.6 Define keys (HO)
)
(/usr/local/texlive/2020/texmf-dist/tex/generic/pdfescape/pdfescape.sty
Package: pdfescape 2019/12/09 v1.15 Implements pdfTeX's escape features (HO)
)
(/usr/local/texlive/2020/texmf-dist/tex/latex/hycolor/hycolor.sty
Package: hycolor 2020-01-27 v1.10 Color options for hyperref/bookmark (HO)
)
(/usr/local/texlive/2020/texmf-dist/tex/latex/letltxmacro/letltxmacro.sty
Package: letltxmacro 2019/12/03 v1.6 Let assignment for LaTeX macros (HO)
)
(/usr/local/texlive/2020/texmf-dist/tex/latex/auxhook/auxhook.sty
Package: auxhook 2019-12-17 v1.6 Hooks for auxiliary files (HO)
)
(/usr/local/texlive/2020/texmf-dist/tex/latex/kvoptions/kvoptions.sty
Package: kvoptions 2019/11/29 v3.13 Key value format for package options (HO)
)
\@linkdim=\dimen277
\Hy@linkcounter=\count286
\Hy@pagecounter=\count287

(/usr/local/texlive/2020/texmf-dist/tex/latex/hyperref/pd1enc.def
File: pd1enc.def 2020/01/14 v7.00d Hyperref: PDFDocEncoding definition (HO)
)
(/usr/local/texlive/2020/texmf-dist/tex/generic/intcalc/intcalc.sty
Package: intcalc 2019/12/15 v1.3 Expandable calculations with integers (HO)
)
(/usr/local/texlive/2020/texmf-dist/tex/generic/etexcmds/etexcmds.sty
Package: etexcmds 2019/12/15 v1.7 Avoid name clashes with e-TeX commands (HO)
)
\Hy@SavedSpaceFactor=\count288
Package hyperref Info: Hyper figures OFF on input line 4547.
Package hyperref Info: Link nesting OFF on input line 4552.
Package hyperref Info: Hyper index ON on input line 4555.
Package hyperref Info: Plain pages OFF on input line 4562.
Package hyperref Info: Backreferencing OFF on input line 4567.
Package hyperref Info: Implicit mode ON; LaTeX internals redefined.
Package hyperref Info: Bookmarks ON on input line 4800.
\c@Hy@tempcnt=\count289

(/usr/local/texlive/2020/texmf-dist/tex/latex/url/url.sty
\Urlmuskip=\muskip16
Package: url 2013/09/16  ver 3.4  Verb mode for urls, etc.
)
LaTeX Info: Redefining \url on input line 5159.
\XeTeXLinkMargin=\dimen278
Requested font "pzdr" at 0.00002pt
 -> /usr/local/texlive/2020/texmf-dist/fonts/tfm/adobe/zapfding/pzdr.tfm

(/usr/local/texlive/2020/texmf-dist/tex/generic/bitset/bitset.sty
Package: bitset 2019/12/09 v1.3 Handle bit-vector datatype (HO)

(/usr/local/texlive/2020/texmf-dist/tex/generic/bigintcalc/bigintcalc.sty
Package: bigintcalc 2019/12/15 v1.5 Expandable calculations on big integers (HO
)
))
\Fld@menulength=\count290
\Field@Width=\dimen279
\Fld@charsize=\dimen280
Package hyperref Info: Hyper figures OFF on input line 6430.
Package hyperref Info: Link nesting OFF on input line 6435.
Package hyperref Info: Hyper index ON on input line 6438.
Package hyperref Info: backreferencing OFF on input line 6445.
Package hyperref Info: Link coloring OFF on input line 6450.
Package hyperref Info: Link coloring with OCG OFF on input line 6455.
Package hyperref Info: PDF/A mode OFF on input line 6460.
LaTeX Info: Redefining \ref on input line 6500.
LaTeX Info: Redefining \pageref on input line 6504.
\Hy@abspage=\count291
\c@Item=\count292
\c@Hfootnote=\count293
)
Package hyperref Info: Driver (autodetected): hxetex.

(/usr/local/texlive/2020/texmf-dist/tex/latex/hyperref/hxetex.def
File: hxetex.def 2020/01/14 v7.00d Hyperref driver for XeTeX

(/usr/local/texlive/2020/texmf-dist/tex/latex/hyperref/puenc.def
File: puenc.def 2020/01/14 v7.00d Hyperref: PDF Unicode definition (HO)
)
(/usr/local/texlive/2020/texmf-dist/tex/generic/stringenc/stringenc.sty
Package: stringenc 2019/11/29 v1.12 Convert strings between diff. encodings (HO
)
)
\pdfm@box=\box65
\c@Hy@AnnotLevel=\count294
\HyField@AnnotCount=\count295
\Fld@listcount=\count296
\c@bookmark@seq@number=\count297

(/usr/local/texlive/2020/texmf-dist/tex/latex/rerunfilecheck/rerunfilecheck.sty
Package: rerunfilecheck 2019/12/05 v1.9 Rerun checks for auxiliary files (HO)
(/usr/local/texlive/2020/texmf-dist/tex/latex/atveryend/atveryend.sty
Package: atveryend 2019-12-11 v1.11 Hooks at the very end of document (HO)
)
(/usr/local/texlive/2020/texmf-dist/tex/generic/uniquecounter/uniquecounter.sty
Package: uniquecounter 2019/12/15 v1.4 Provide unlimited unique counter (HO)
)
Package uniquecounter Info: New unique counter `rerunfilecheck' on input line 2
86.
)
\Hy@SectionHShift=\skip71
)) (/usr/local/texlive/2020/texmf-dist/tex/latex/microtype/microtype.sty
Package: microtype 2019/11/18 v2.7d Micro-typographical refinements (RS)
\MT@toks=\toks35
\MT@count=\count298
LaTeX Info: Redefining \textls on input line 790.
\MT@outer@kern=\dimen281
LaTeX Info: Redefining \textmicrotypecontext on input line 1354.
\MT@listname@count=\count299

(/usr/local/texlive/2020/texmf-dist/tex/latex/microtype/microtype-xetex.def
File: microtype-xetex.def 2019/11/18 v2.7d Definitions specific to xetex (RS)
LaTeX Info: Redefining \lsstyle on input line 258.
)
Package microtype Info: Loading configuration file microtype.cfg.

(/usr/local/texlive/2020/texmf-dist/tex/latex/microtype/microtype.cfg
File: microtype.cfg 2019/11/18 v2.7d microtype main configuration file (RS)
))
(/usr/local/texlive/2020/texmf-dist/tex/latex/ragged2e/ragged2e.sty
Package: ragged2e 2019/07/28 v2.2 ragged2e Package (MS)

(/usr/local/texlive/2020/texmf-dist/tex/latex/ms/everysel.sty
Package: everysel 2011/10/28 v1.2 EverySelectfont Package (MS)
)
\CenteringLeftskip=\skip72
\RaggedLeftLeftskip=\skip73
\RaggedRightLeftskip=\skip74
\CenteringRightskip=\skip75
\RaggedLeftRightskip=\skip76
\RaggedRightRightskip=\skip77
\CenteringParfillskip=\skip78
\RaggedLeftParfillskip=\skip79
\RaggedRightParfillskip=\skip80
\JustifyingParfillskip=\skip81
\CenteringParindent=\skip82
\RaggedLeftParindent=\skip83
\RaggedRightParindent=\skip84
\JustifyingParindent=\skip85
)
(/usr/local/texlive/2020/texmf-dist/tex/latex/amsfonts/amssymb.sty
Package: amssymb 2013/01/14 v3.01 AMS font symbols

(/usr/local/texlive/2020/texmf-dist/tex/latex/amsfonts/amsfonts.sty
Package: amsfonts 2013/01/14 v3.01 Basic AMSFonts support
\@emptytoks=\toks36
\symAMSa=\mathgroup4
\symAMSb=\mathgroup5
LaTeX Font Info:    Redeclaring math symbol \hbar on input line 98.
LaTeX Font Info:    Overwriting math alphabet `\mathfrak' in version `bold'
(Font)                  U/euf/m/n --> U/euf/b/n on input line 106.
))
(/usr/local/texlive/2020/texmf-dist/tex/latex/smartdiagram/smartdiagram.sty
Package: smartdiagram 2016/12/23 v0.3b Automatic creation of smart diagrams fro
m lists of items.

(/usr/local/texlive/2020/texmf-dist/tex/generic/xstring/xstring.sty
(/usr/local/texlive/2020/texmf-dist/tex/generic/xstring/xstring.tex
\integerpart=\count300
Invalid UTF-8 byte or sequence at line 35 replaced by U+FFFD.
\decimalpart=\count301
Invalid UTF-8 byte or sequence at line 79 replaced by U+FFFD.
Invalid UTF-8 byte or sequence at line 79 replaced by U+FFFD.
Invalid UTF-8 byte or sequence at line 83 replaced by U+FFFD.
Invalid UTF-8 byte or sequence at line 86 replaced by U+FFFD.
Invalid UTF-8 byte or sequence at line 102 replaced by U+FFFD.
Invalid UTF-8 byte or sequence at line 114 replaced by U+FFFD.
Invalid UTF-8 byte or sequence at line 120 replaced by U+FFFD.
Invalid UTF-8 byte or sequence at line 125 replaced by U+FFFD.
Invalid UTF-8 byte or sequence at line 147 replaced by U+FFFD.
Invalid UTF-8 byte or sequence at line 147 replaced by U+FFFD.
Invalid UTF-8 byte or sequence at line 147 replaced by U+FFFD.
Invalid UTF-8 byte or sequence at line 182 replaced by U+FFFD.
Invalid UTF-8 byte or sequence at line 182 replaced by U+FFFD.
Invalid UTF-8 byte or sequence at line 182 replaced by U+FFFD.
Invalid UTF-8 byte or sequence at line 183 replaced by U+FFFD.
Invalid UTF-8 byte or sequence at line 184 replaced by U+FFFD.
Invalid UTF-8 byte or sequence at line 185 replaced by U+FFFD.
Invalid UTF-8 byte or sequence at line 185 replaced by U+FFFD.
Invalid UTF-8 byte or sequence at line 185 replaced by U+FFFD.
Invalid UTF-8 byte or sequence at line 189 replaced by U+FFFD.
Invalid UTF-8 byte or sequence at line 189 replaced by U+FFFD.
Invalid UTF-8 byte or sequence at line 190 replaced by U+FFFD.
Invalid UTF-8 byte or sequence at line 190 replaced by U+FFFD.
Invalid UTF-8 byte or sequence at line 193 replaced by U+FFFD.
Invalid UTF-8 byte or sequence at line 208 replaced by U+FFFD.
Invalid UTF-8 byte or sequence at line 208 replaced by U+FFFD.
Invalid UTF-8 byte or sequence at line 208 replaced by U+FFFD.
Invalid UTF-8 byte or sequence at line 208 replaced by U+FFFD.
Invalid UTF-8 byte or sequence at line 208 replaced by U+FFFD.
Invalid UTF-8 byte or sequence at line 208 replaced by U+FFFD.
Invalid UTF-8 byte or sequence at line 221 replaced by U+FFFD.
Invalid UTF-8 byte or sequence at line 221 replaced by U+FFFD.
Invalid UTF-8 byte or sequence at line 241 replaced by U+FFFD.
Invalid UTF-8 byte or sequence at line 241 replaced by U+FFFD.
Invalid UTF-8 byte or sequence at line 241 replaced by U+FFFD.
Invalid UTF-8 byte or sequence at line 241 replaced by U+FFFD.
Invalid UTF-8 byte or sequence at line 266 replaced by U+FFFD.
Invalid UTF-8 byte or sequence at line 284 replaced by U+FFFD.
Invalid UTF-8 byte or sequence at line 295 replaced by U+FFFD.
Invalid UTF-8 byte or sequence at line 300 replaced by U+FFFD.
Invalid UTF-8 byte or sequence at line 300 replaced by U+FFFD.
Invalid UTF-8 byte or sequence at line 301 replaced by U+FFFD.
Invalid UTF-8 byte or sequence at line 301 replaced by U+FFFD.
Invalid UTF-8 byte or sequence at line 301 replaced by U+FFFD.
Invalid UTF-8 byte or sequence at line 302 replaced by U+FFFD.
Invalid UTF-8 byte or sequence at line 303 replaced by U+FFFD.
Invalid UTF-8 byte or sequence at line 332 replaced by U+FFFD.
Invalid UTF-8 byte or sequence at line 332 replaced by U+FFFD.
Invalid UTF-8 byte or sequence at line 332 replaced by U+FFFD.
Invalid UTF-8 byte or sequence at line 332 replaced by U+FFFD.
Invalid UTF-8 byte or sequence at line 333 replaced by U+FFFD.
Invalid UTF-8 byte or sequence at line 334 replaced by U+FFFD.
Invalid UTF-8 byte or sequence at line 334 replaced by U+FFFD.
Invalid UTF-8 byte or sequence at line 334 replaced by U+FFFD.
Invalid UTF-8 byte or sequence at line 406 replaced by U+FFFD.
Invalid UTF-8 byte or sequence at line 406 replaced by U+FFFD.
Invalid UTF-8 byte or sequence at line 409 replaced by U+FFFD.
Invalid UTF-8 byte or sequence at line 410 replaced by U+FFFD.
Invalid UTF-8 byte or sequence at line 428 replaced by U+FFFD.
Invalid UTF-8 byte or sequence at line 434 replaced by U+FFFD.
Invalid UTF-8 byte or sequence at line 457 replaced by U+FFFD.
Invalid UTF-8 byte or sequence at line 457 replaced by U+FFFD.
Invalid UTF-8 byte or sequence at line 464 replaced by U+FFFD.
Invalid UTF-8 byte or sequence at line 464 replaced by U+FFFD.
Invalid UTF-8 byte or sequence at line 466 replaced by U+FFFD.
Invalid UTF-8 byte or sequence at line 466 replaced by U+FFFD.
Invalid UTF-8 byte or sequence at line 541 replaced by U+FFFD.
Invalid UTF-8 byte or sequence at line 541 replaced by U+FFFD.
Invalid UTF-8 byte or sequence at line 541 replaced by U+FFFD.
Invalid UTF-8 byte or sequence at line 586 replaced by U+FFFD.
Invalid UTF-8 byte or sequence at line 586 replaced by U+FFFD.
Invalid UTF-8 byte or sequence at line 588 replaced by U+FFFD.
Invalid UTF-8 byte or sequence at line 588 replaced by U+FFFD.
Invalid UTF-8 byte or sequence at line 595 replaced by U+FFFD.
Invalid UTF-8 byte or sequence at line 597 replaced by U+FFFD.
Invalid UTF-8 byte or sequence at line 599 replaced by U+FFFD.
Invalid UTF-8 byte or sequence at line 602 replaced by U+FFFD.
Invalid UTF-8 byte or sequence at line 605 replaced by U+FFFD.
Invalid UTF-8 byte or sequence at line 605 replaced by U+FFFD.
Invalid UTF-8 byte or sequence at line 610 replaced by U+FFFD.
Invalid UTF-8 byte or sequence at line 615 replaced by U+FFFD.
Invalid UTF-8 byte or sequence at line 632 replaced by U+FFFD.
Invalid UTF-8 byte or sequence at line 632 replaced by U+FFFD.
Invalid UTF-8 byte or sequence at line 633 replaced by U+FFFD.
Invalid UTF-8 byte or sequence at line 635 replaced by U+FFFD.
Invalid UTF-8 byte or sequence at line 637 replaced by U+FFFD.
Invalid UTF-8 byte or sequence at line 647 replaced by U+FFFD.
Invalid UTF-8 byte or sequence at line 653 replaced by U+FFFD.
Invalid UTF-8 byte or sequence at line 678 replaced by U+FFFD.
Invalid UTF-8 byte or sequence at line 700 replaced by U+FFFD.
Invalid UTF-8 byte or sequence at line 705 replaced by U+FFFD.
Invalid UTF-8 byte or sequence at line 715 replaced by U+FFFD.
Invalid UTF-8 byte or sequence at line 715 replaced by U+FFFD.
Invalid UTF-8 byte or sequence at line 715 replaced by U+FFFD.
Invalid UTF-8 byte or sequence at line 719 replaced by U+FFFD.
Invalid UTF-8 byte or sequence at line 732 replaced by U+FFFD.
Invalid UTF-8 byte or sequence at line 732 replaced by U+FFFD.
Invalid UTF-8 byte or sequence at line 741 replaced by U+FFFD.
Invalid UTF-8 byte or sequence at line 741 replaced by U+FFFD.
Invalid UTF-8 byte or sequence at line 742 replaced by U+FFFD.
Invalid UTF-8 byte or sequence at line 742 replaced by U+FFFD.
Invalid UTF-8 byte or sequence at line 762 replaced by U+FFFD.
Invalid UTF-8 byte or sequence at line 773 replaced by U+FFFD.
Invalid UTF-8 byte or sequence at line 773 replaced by U+FFFD.
Invalid UTF-8 byte or sequence at line 774 replaced by U+FFFD.
Invalid UTF-8 byte or sequence at line 774 replaced by U+FFFD.
Invalid UTF-8 byte or sequence at line 774 replaced by U+FFFD.
Invalid UTF-8 byte or sequence at line 797 replaced by U+FFFD.
Invalid UTF-8 byte or sequence at line 797 replaced by U+FFFD.
Invalid UTF-8 byte or sequence at line 810 replaced by U+FFFD.
Invalid UTF-8 byte or sequence at line 824 replaced by U+FFFD.
Invalid UTF-8 byte or sequence at line 824 replaced by U+FFFD.
Invalid UTF-8 byte or sequence at line 831 replaced by U+FFFD.
Invalid UTF-8 byte or sequence at line 838 replaced by U+FFFD.
Invalid UTF-8 byte or sequence at line 838 replaced by U+FFFD.
Invalid UTF-8 byte or sequence at line 846 replaced by U+FFFD.
Invalid UTF-8 byte or sequence at line 846 replaced by U+FFFD.
Invalid UTF-8 byte or sequence at line 861 replaced by U+FFFD.
Invalid UTF-8 byte or sequence at line 862 replaced by U+FFFD.
Invalid UTF-8 byte or sequence at line 864 replaced by U+FFFD.
Invalid UTF-8 byte or sequence at line 864 replaced by U+FFFD.
Invalid UTF-8 byte or sequence at line 908 replaced by U+FFFD.
Invalid UTF-8 byte or sequence at line 909 replaced by U+FFFD.
Invalid UTF-8 byte or sequence at line 909 replaced by U+FFFD.
Invalid UTF-8 byte or sequence at line 934 replaced by U+FFFD.
Invalid UTF-8 byte or sequence at line 934 replaced by U+FFFD.
Invalid UTF-8 byte or sequence at line 936 replaced by U+FFFD.
Invalid UTF-8 byte or sequence at line 936 replaced by U+FFFD.
Invalid UTF-8 byte or sequence at line 940 replaced by U+FFFD.
Invalid UTF-8 byte or sequence at line 940 replaced by U+FFFD.
Invalid UTF-8 byte or sequence at line 962 replaced by U+FFFD.
Invalid UTF-8 byte or sequence at line 962 replaced by U+FFFD.
Invalid UTF-8 byte or sequence at line 964 replaced by U+FFFD.
Invalid UTF-8 byte or sequence at line 965 replaced by U+FFFD.
Invalid UTF-8 byte or sequence at line 1006 replaced by U+FFFD.
)
Package: xstring 2019/02/06 v1.83 String manipulations (CT)
)
(/usr/local/texlive/2020/texmf-dist/tex/generic/pgf/frontendlayer/tikz/librarie
s/tikzlibrarycalc.code.tex
File: tikzlibrarycalc.code.tex 2020/01/08 v3.1.5b (3.1.5b)
)
(/usr/local/texlive/2020/texmf-dist/tex/generic/pgf/frontendlayer/tikz/librarie
s/tikzlibraryfadings.code.tex
File: tikzlibraryfadings.code.tex 2020/01/08 v3.1.5b (3.1.5b)

(/usr/local/texlive/2020/texmf-dist/tex/generic/pgf/libraries/pgflibraryfadings
.code.tex
File: pgflibraryfadings.code.tex 2020/01/08 v3.1.5b (3.1.5b)
))
(/usr/local/texlive/2020/texmf-dist/tex/generic/pgf/frontendlayer/tikz/librarie
s/tikzlibraryshadows.code.tex
File: tikzlibraryshadows.code.tex 2020/01/08 v3.1.5b (3.1.5b)
)
(/usr/local/texlive/2020/texmf-dist/tex/generic/pgf/frontendlayer/tikz/librarie
s/tikzlibraryshapes.arrows.code.tex
File: tikzlibraryshapes.arrows.code.tex 2020/01/08 v3.1.5b (3.1.5b)

(/usr/local/texlive/2020/texmf-dist/tex/generic/pgf/libraries/shapes/pgflibrary
shapes.arrows.code.tex
File: pgflibraryshapes.arrows.code.tex 2020/01/08 v3.1.5b (3.1.5b)
))
(/usr/local/texlive/2020/texmf-dist/tex/generic/pgf/frontendlayer/tikz/librarie
s/tikzlibraryshapes.symbols.code.tex
File: tikzlibraryshapes.symbols.code.tex 2020/01/08 v3.1.5b (3.1.5b)

(/usr/local/texlive/2020/texmf-dist/tex/generic/pgf/libraries/shapes/pgflibrary
shapes.symbols.code.tex
File: pgflibraryshapes.symbols.code.tex 2020/01/08 v3.1.5b (3.1.5b)
))
\pgf@layerbox@smart diagram arrow back=\box66
\pgf@layerboxsaved@smart diagram arrow back=\box67

(/usr/local/texlive/2020/texmf-dist/tex/latex/smartdiagram/smartdiagramlibraryc
ore.definitions.code.tex)
(/usr/local/texlive/2020/texmf-dist/tex/latex/smartdiagram/smartdiagramlibraryc
ore.styles.code.tex)
(/usr/local/texlive/2020/texmf-dist/tex/latex/smartdiagram/smartdiagramlibraryc
ore.commands.code.tex)) (./template.aux)
\openout1 = `template.aux'.

LaTeX Font Info:    Checking defaults for OML/cmm/m/it on input line 218.
LaTeX Font Info:    ... okay on input line 218.
LaTeX Font Info:    Checking defaults for OMS/cmsy/m/n on input line 218.
LaTeX Font Info:    ... okay on input line 218.
LaTeX Font Info:    Checking defaults for OT1/cmr/m/n on input line 218.
LaTeX Font Info:    ... okay on input line 218.
LaTeX Font Info:    Checking defaults for T1/cmr/m/n on input line 218.
LaTeX Font Info:    ... okay on input line 218.
LaTeX Font Info:    Checking defaults for TS1/cmr/m/n on input line 218.
LaTeX Font Info:    Trying to load font information for TS1+cmr on input line 2
18.

(/usr/local/texlive/2020/texmf-dist/tex/latex/base/ts1cmr.fd
File: ts1cmr.fd 2019/12/16 v2.5j Standard LaTeX font definitions
)
LaTeX Font Info:    ... okay on input line 218.
LaTeX Font Info:    Checking defaults for TU/lmr/m/n on input line 218.
LaTeX Font Info:    ... okay on input line 218.
LaTeX Font Info:    Checking defaults for OMX/cmex/m/n on input line 218.
LaTeX Font Info:    ... okay on input line 218.
LaTeX Font Info:    Checking defaults for U/cmr/m/n on input line 218.
LaTeX Font Info:    ... okay on input line 218.
LaTeX Font Info:    Checking defaults for PD1/pdf/m/n on input line 218.
LaTeX Font Info:    ... okay on input line 218.
LaTeX Font Info:    Checking defaults for PU/pdf/m/n on input line 218.
LaTeX Font Info:    ... okay on input line 218.
LaTeX Font Info:    Font shape `TU/ClearSans(0)/m/n' will be
(Font)              scaled to size 10.0pt on input line 218.
Requested font "[ClearSans-Regular.ttf]/OT:script=latn;language=dflt;mapping=te
x-text;" at 10.0pt
 -> /usr/local/texlive/2020/texmf-dist/fonts/truetype/intel/clearsans/ClearSans
-Regular.ttf

ABD: EveryShipout initializing macros
*geometry* driver: auto-detecting
*geometry* detected driver: xetex
*geometry* verbose mode - [ preamble ] result:
* driver: xetex
* paper: a4paper
* layout: <same size as paper>
* layoutoffset:(h,v)=(0.0pt,0.0pt)
* modes: 
* h-part:(L,W,R)=(215.10318pt, 370.452pt, 11.9527pt)
* v-part:(T,H,B)=(16.90454pt, 811.23776pt, 16.90454pt)
* \paperwidth=597.50787pt
* \paperheight=845.04684pt
* \textwidth=370.452pt
* \textheight=811.23776pt
* \oddsidemargin=142.83319pt
* \evensidemargin=142.83319pt
* \topmargin=-55.36545pt
* \headheight=0.0pt
* \headsep=0.0pt
* \topskip=10.0pt
* \footskip=0.0pt
* \marginparwidth=0.0pt
* \marginparsep=0.0pt
* \columnsep=10.0pt
* \skip\footins=9.0pt plus 4.0pt minus 2.0pt
* \hoffset=0.0pt
* \voffset=0.0pt
* \mag=1000
* \@twocolumnfalse
* \@twosidefalse
* \@mparswitchfalse
* \@reversemarginfalse
* (1in=72.27pt=25.4mm, 1cm=28.453pt)


Package fontspec Info: Adjusting the maths setup (use [no-math] to avoid
(fontspec)             this).

\symlegacymaths=\mathgroup6
LaTeX Font Info:    Overwriting symbol font `legacymaths' in version `bold'
(Font)                  OT1/cmr/m/n --> OT1/cmr/bx/n on input line 218.
LaTeX Font Info:    Redeclaring math accent \acute on input line 218.
LaTeX Font Info:    Redeclaring math accent \grave on input line 218.
LaTeX Font Info:    Redeclaring math accent \ddot on input line 218.
LaTeX Font Info:    Redeclaring math accent \tilde on input line 218.
LaTeX Font Info:    Redeclaring math accent \bar on input line 218.
LaTeX Font Info:    Redeclaring math accent \breve on input line 218.
LaTeX Font Info:    Redeclaring math accent \check on input line 218.
LaTeX Font Info:    Redeclaring math accent \hat on input line 218.
LaTeX Font Info:    Redeclaring math accent \dot on input line 218.
LaTeX Font Info:    Redeclaring math accent \mathring on input line 218.
LaTeX Font Info:    Redeclaring math symbol \colon on input line 218.
LaTeX Font Info:    Redeclaring math symbol \Gamma on input line 218.
LaTeX Font Info:    Redeclaring math symbol \Delta on input line 218.
LaTeX Font Info:    Redeclaring math symbol \Theta on input line 218.
LaTeX Font Info:    Redeclaring math symbol \Lambda on input line 218.
LaTeX Font Info:    Redeclaring math symbol \Xi on input line 218.
LaTeX Font Info:    Redeclaring math symbol \Pi on input line 218.
LaTeX Font Info:    Redeclaring math symbol \Sigma on input line 218.
LaTeX Font Info:    Redeclaring math symbol \Upsilon on input line 218.
LaTeX Font Info:    Redeclaring math symbol \Phi on input line 218.
LaTeX Font Info:    Redeclaring math symbol \Psi on input line 218.
LaTeX Font Info:    Redeclaring math symbol \Omega on input line 218.
LaTeX Font Info:    Redeclaring math symbol \mathdollar on input line 218.
LaTeX Font Info:    Redeclaring symbol font `operators' on input line 218.
LaTeX Font Info:    Encoding `OT1' has changed to `TU' for symbol font
(Font)              `operators' in the math version `normal' on input line 218.

LaTeX Font Info:    Overwriting symbol font `operators' in version `normal'
(Font)                  OT1/cmr/m/n --> TU/lmr/m/n on input line 218.
LaTeX Font Info:    Encoding `OT1' has changed to `TU' for symbol font
(Font)              `operators' in the math version `bold' on input line 218.
LaTeX Font Info:    Overwriting symbol font `operators' in version `bold'
(Font)                  OT1/cmr/bx/n --> TU/lmr/m/n on input line 218.
LaTeX Font Info:    Overwriting symbol font `operators' in version `normal'
(Font)                  TU/lmr/m/n --> TU/lmr/m/n on input line 218.
LaTeX Font Info:    Overwriting math alphabet `\mathit' in version `normal'
(Font)                  OT1/cmr/m/it --> TU/lmr/m/it on input line 218.
LaTeX Font Info:    Overwriting math alphabet `\mathbf' in version `normal'
(Font)                  OT1/cmr/bx/n --> TU/lmr/b/n on input line 218.
LaTeX Font Info:    Overwriting math alphabet `\mathsf' in version `normal'
(Font)                  OT1/cmss/m/n --> TU/ClearSans(0)/m/n on input line 218.

LaTeX Font Info:    Overwriting math alphabet `\mathtt' in version `normal'
(Font)                  OT1/cmtt/m/n --> TU/lmtt/m/n on input line 218.
LaTeX Font Info:    Overwriting symbol font `operators' in version `bold'
(Font)                  TU/lmr/m/n --> TU/lmr/b/n on input line 218.
LaTeX Font Info:    Overwriting math alphabet `\mathit' in version `bold'
(Font)                  OT1/cmr/bx/it --> TU/lmr/b/it on input line 218.
LaTeX Font Info:    Overwriting math alphabet `\mathsf' in version `bold'
(Font)                  OT1/cmss/bx/n --> TU/ClearSans(0)/b/n on input line 218
.
LaTeX Font Info:    Overwriting math alphabet `\mathtt' in version `bold'
(Font)                  OT1/cmtt/m/n --> TU/lmtt/b/n on input line 218.
\AtBeginShipoutBox=\box68
Package hyperref Info: Link coloring OFF on input line 218.
(/usr/local/texlive/2020/texmf-dist/tex/latex/hyperref/nameref.sty
Package: nameref 2019/09/16 v2.46 Cross-referencing by name of section

(/usr/local/texlive/2020/texmf-dist/tex/latex/refcount/refcount.sty
Package: refcount 2019/12/15 v3.6 Data extraction from label references (HO)
)
(/usr/local/texlive/2020/texmf-dist/tex/generic/gettitlestring/gettitlestring.s
ty
Package: gettitlestring 2019/12/15 v1.6 Cleanup title references (HO)
)
\c@section@level=\count302
)
LaTeX Info: Redefining \ref on input line 218.
LaTeX Info: Redefining \pageref on input line 218.
LaTeX Info: Redefining \nameref on input line 218.
 (./template.out) (./template.out)
\@outlinefile=\write4
\openout4 = `template.out'.

LaTeX Info: Redefining \microtypecontext on input line 218.
Package microtype Info: Character protrusion enabled (level 2).
Package microtype Info: Using default protrusion set `alltext'.
Package microtype Info: No adjustment of tracking.
Package microtype Info: No adjustment of spacing.
Package microtype Info: No adjustment of kerning.
Package microtype Info: Loading generic protrusion settings for font family
(microtype)             `ClearSans' (encoding: TU).
(microtype)             For optimal results, create family-specific settings.
(microtype)             See the microtype manual for details.

ABD: EverySelectfont initializing macros
LaTeX Info: Redefining \selectfont on input line 218.
File: pics/profile.png Graphic file (type bmp)
<pics/profile.png>
LaTeX Font Info:    Font shape `TU/ClearSans(0)/m/n' will be
(Font)              scaled to size 24.88pt on input line 220.
Requested font "[ClearSans-Regular.ttf]/OT:script=latn;language=dflt;mapping=te
x-text;" at 24.88pt
 -> /usr/local/texlive/2020/texmf-dist/fonts/truetype/intel/clearsans/ClearSans
-Regular.ttf
LaTeX Font Info:    Font shape `TU/ClearSans(0)/m/n' will be
(Font)              scaled to size 14.4pt on input line 220.
Requested font "[ClearSans-Regular.ttf]/OT:script=latn;language=dflt;mapping=te
x-text;" at 14.4pt
 -> /usr/local/texlive/2020/texmf-dist/fonts/truetype/intel/clearsans/ClearSans
-Regular.ttf

(/usr/local/texlive/2020/texmf-dist/tex/latex/microtype/mt-LatinModernRoman.cfg
)
Requested font "[lmroman7-regular]:mapping=tex-text;" at 7.0pt
 -> /usr/local/texlive/2020/texmf-dist/fonts/opentype/public/lm/lmroman7-regula
r.otf
Requested font "[lmroman5-regular]:mapping=tex-text;" at 5.0pt
 -> /usr/local/texlive/2020/texmf-dist/fonts/opentype/public/lm/lmroman5-regula
r.otf
Requested font "cmex7" at 7.0pt
 -> /usr/local/texlive/2020/texmf-dist/fonts/tfm/public/amsfonts/cmextra/cmex7.
tfm
Requested font "cmex7" at 5.0pt
 -> /usr/local/texlive/2020/texmf-dist/fonts/tfm/public/amsfonts/cmextra/cmex7.
tfm
 (/usr/local/texlive/2020/texmf-dist/tex/latex/amsfonts/umsa.fd)
Requested font "msam10" at 10.0pt
 -> /usr/local/texlive/2020/texmf-dist/fonts/tfm/public/amsfonts/symbols/msam10
.tfm

(/usr/local/texlive/2020/texmf-dist/tex/latex/microtype/mt-msa.cfg)
Requested font "msam7" at 7.0pt
 -> /usr/local/texlive/2020/texmf-dist/fonts/tfm/public/amsfonts/symbols/msam7.
tfm
Requested font "msam5" at 5.0pt
 -> /usr/local/texlive/2020/texmf-dist/fonts/tfm/public/amsfonts/symbols/msam5.
tfm

(/usr/local/texlive/2020/texmf-dist/tex/latex/amsfonts/umsb.fd)
Requested font "msbm10" at 10.0pt
 -> /usr/local/texlive/2020/texmf-dist/fonts/tfm/public/amsfonts/symbols/msbm10
.tfm

(/usr/local/texlive/2020/texmf-dist/tex/latex/microtype/mt-msb.cfg)
Requested font "msbm7" at 7.0pt
 -> /usr/local/texlive/2020/texmf-dist/fonts/tfm/public/amsfonts/symbols/msbm7.
tfm
Requested font "msbm5" at 5.0pt
 -> /usr/local/texlive/2020/texmf-dist/fonts/tfm/public/amsfonts/symbols/msbm5.
tfm

(/usr/local/texlive/2020/texmf-dist/tex/latex/microtype/mt-cmr.cfg)
LaTeX Font Info:    Font shape `TU/ClearSans(0)/m/n' will be
(Font)              scaled to size 20.74pt on input line 220.
Requested font "[ClearSans-Regular.ttf]/OT:script=latn;language=dflt;mapping=te
x-text;" at 20.74pt
 -> /usr/local/texlive/2020/texmf-dist/fonts/truetype/intel/clearsans/ClearSans
-Regular.ttf

(/usr/local/texlive/2020/texmf-dist/tex/latex/academicons/tuacademicons.fd)
Requested font "[academicons.ttf]:" at 10.0pt
 -> /usr/local/texlive/2020/texmf-dist/fonts/truetype/public/academicons/academ
icons.ttf
File: pics/flags/CN.png Graphic file (type bmp)
<pics/flags/CN.png>
LaTeX Font Info:    Font shape `TU/ClearSans(0)/m/n' will be
(Font)              scaled to size 7.0pt on input line 220.
Requested font "[ClearSans-Regular.ttf]/OT:script=latn;language=dflt;mapping=te
x-text;" at 7.0pt
 -> /usr/local/texlive/2020/texmf-dist/fonts/truetype/intel/clearsans/ClearSans
-Regular.ttf
Requested font "[FontAwesome5Free-Solid-900.otf]:script=latn;" at 7.0pt
 -> /usr/local/texlive/2020/texmf-dist/fonts/opentype/public/fontawesome5/FontA
wesome5Free-Solid-900.otf
Package microtype Info: Character `,' is missing
(microtype)             in font `\TU/fontawesomefree/solid/n/7'.
(microtype)             Ignoring protrusion settings for this character.
Package microtype Info: Character `:' is missing
(microtype)             in font `\TU/fontawesomefree/solid/n/7'.
(microtype)             Ignoring protrusion settings for this character.
Package microtype Info: Character `;' is missing
(microtype)             in font `\TU/fontawesomefree/solid/n/7'.
(microtype)             Ignoring protrusion settings for this character.
Package microtype Info: Character `!' is missing
(microtype)             in font `\TU/fontawesomefree/solid/n/7'.
(microtype)             Ignoring protrusion settings for this character.
Package microtype Info: Character `?' is missing
(microtype)             in font `\TU/fontawesomefree/solid/n/7'.
(microtype)             Ignoring protrusion settings for this character.
Package microtype Info: Character `@' is missing
(microtype)             in font `\TU/fontawesomefree/solid/n/7'.
(microtype)             Ignoring protrusion settings for this character.
Package microtype Info: Character `~ (= ~)' is missing
(microtype)             in font `\TU/fontawesomefree/solid/n/7'.
(microtype)             Ignoring protrusion settings for this character.
Package microtype Info: Character `\%' is missing
(microtype)             in font `\TU/fontawesomefree/solid/n/7'.
(microtype)             Ignoring protrusion settings for this character.
Package microtype Info: Character `*' is missing
(microtype)             in font `\TU/fontawesomefree/solid/n/7'.
(microtype)             Ignoring protrusion settings for this character.
Package microtype Info: Character `+' is missing
(microtype)             in font `\TU/fontawesomefree/solid/n/7'.
(microtype)             Ignoring protrusion settings for this character.
Package microtype Info: Character `(' is missing
(microtype)             in font `\TU/fontawesomefree/solid/n/7'.
(microtype)             Ignoring protrusion settings for this character.
Package microtype Info: Character `)' is missing
(microtype)             in font `\TU/fontawesomefree/solid/n/7'.
(microtype)             Ignoring protrusion settings for this character.
Package microtype Info: Character `\textendash ' is missing
(microtype)             in font `\TU/fontawesomefree/solid/n/7'.
(microtype)             Ignoring protrusion settings for this character.
Package microtype Info: Character `\textemdash ' is missing
(microtype)             in font `\TU/fontawesomefree/solid/n/7'.
(microtype)             Ignoring protrusion settings for this character.
Package microtype Info: Character `\textquoteleft ' is missing
(microtype)             in font `\TU/fontawesomefree/solid/n/7'.
(microtype)             Ignoring protrusion settings for this character.
Package microtype Info: Character `\textquoteright ' is missing
(microtype)             in font `\TU/fontawesomefree/solid/n/7'.
(microtype)             Ignoring protrusion settings for this character.
Package microtype Info: Character `\textquotedblleft ' is missing
(microtype)             in font `\TU/fontawesomefree/solid/n/7'.
(microtype)             Ignoring protrusion settings for this character.
Package microtype Info: Character `\textquotedblright ' is missing
(microtype)             in font `\TU/fontawesomefree/solid/n/7'.
(microtype)             Ignoring protrusion settings for this character.
Package microtype Info: Character `\AE ' is missing
(microtype)             in font `\TU/fontawesomefree/solid/n/7'.
(microtype)             Ignoring protrusion settings for this character.
Package microtype Info: Character `_' is missing
(microtype)             in font `\TU/fontawesomefree/solid/n/7'.
(microtype)             Ignoring protrusion settings for this character.
Package microtype Info: Character `\textbackslash ' is missing
(microtype)             in font `\TU/fontawesomefree/solid/n/7'.
(microtype)             Ignoring protrusion settings for this character.
Package microtype Info: Character `\quotesinglbase ' is missing
(microtype)             in font `\TU/fontawesomefree/solid/n/7'.
(microtype)             Ignoring protrusion settings for this character.
Package microtype Info: Character `\quotedblbase ' is missing
(microtype)             in font `\TU/fontawesomefree/solid/n/7'.
(microtype)             Ignoring protrusion settings for this character.
Package microtype Info: Character `\guilsinglleft ' is missing
(microtype)             in font `\TU/fontawesomefree/solid/n/7'.
(microtype)             Ignoring protrusion settings for this character.
Package microtype Info: Character `\guilsinglright ' is missing
(microtype)             in font `\TU/fontawesomefree/solid/n/7'.
(microtype)             Ignoring protrusion settings for this character.
Package microtype Info: Character `\guillemotleft ' is missing
(microtype)             in font `\TU/fontawesomefree/solid/n/7'.
(microtype)             Ignoring protrusion settings for this character.
Package microtype Info: Character `\guillemotright ' is missing
(microtype)             in font `\TU/fontawesomefree/solid/n/7'.
(microtype)             Ignoring protrusion settings for this character.
Package microtype Info: Character `\textexclamdown ' is missing
(microtype)             in font `\TU/fontawesomefree/solid/n/7'.
(microtype)             Ignoring protrusion settings for this character.
Package microtype Info: Character `\textquestiondown ' is missing
(microtype)             in font `\TU/fontawesomefree/solid/n/7'.
(microtype)             Ignoring protrusion settings for this character.
Package microtype Info: Character `\textbraceleft ' is missing
(microtype)             in font `\TU/fontawesomefree/solid/n/7'.
(microtype)             Ignoring protrusion settings for this character.
Package microtype Info: Character `\textbraceright ' is missing
(microtype)             in font `\TU/fontawesomefree/solid/n/7'.
(microtype)             Ignoring protrusion settings for this character.
Package microtype Info: Character `\textless ' is missing
(microtype)             in font `\TU/fontawesomefree/solid/n/7'.
(microtype)             Ignoring protrusion settings for this character.
Package microtype Info: Character `\textgreater ' is missing
(microtype)             in font `\TU/fontawesomefree/solid/n/7'.
(microtype)             Ignoring protrusion settings for this character.
File: pics/flags/DE.png Graphic file (type bmp)
<pics/flags/DE.png>
File: pics/flags/GB.png Graphic file (type bmp)
<pics/flags/GB.png>
File: pics/flags/FR.png Graphic file (type bmp)
<pics/flags/FR.png>
LaTeX Font Info:    Font shape `TU/ClearSans(0)/b/n' will be
(Font)              scaled to size 10.0pt on input line 222.
Requested font "[ClearSans-Bold.ttf]/OT:script=latn;language=dflt;mapping=tex-t
ext;" at 10.0pt
 -> /usr/local/texlive/2020/texmf-dist/fonts/truetype/intel/clearsans/ClearSans
-Bold.ttf
LaTeX Font Info:    Font shape `TU/ClearSans(0)/b/n' will be
(Font)              scaled to size 17.28pt on input line 222.
Requested font "[ClearSans-Bold.ttf]/OT:script=latn;language=dflt;mapping=tex-t
ext;" at 17.28pt
 -> /usr/local/texlive/2020/texmf-dist/fonts/truetype/intel/clearsans/ClearSans
-Bold.ttf
LaTeX Font Info:    Font shape `TU/ClearSans(0)/m/n' will be
(Font)              scaled to size 8.0pt on input line 226.
Requested font "[ClearSans-Regular.ttf]/OT:script=latn;language=dflt;mapping=te
x-text;" at 8.0pt
 -> /usr/local/texlive/2020/texmf-dist/fonts/truetype/intel/clearsans/ClearSans
-Regular.ttf
LaTeX Font Info:    Font shape `TU/ClearSans(0)/m/n' will be
(Font)              scaled to size 12.0pt on input line 236.
Requested font "[ClearSans-Regular.ttf]/OT:script=latn;language=dflt;mapping=te
x-text;" at 12.0pt
 -> /usr/local/texlive/2020/texmf-dist/fonts/truetype/intel/clearsans/ClearSans
-Regular.ttf
LaTeX Font Info:    Font shape `TU/ClearSans(0)/m/it' will be
(Font)              scaled to size 10.0pt on input line 265.
Requested font "[ClearSans-Italic.ttf]/OT:script=latn;language=dflt;mapping=tex
-text;" at 10.0pt
 -> /usr/local/texlive/2020/texmf-dist/fonts/truetype/intel/clearsans/ClearSans
-Italic.ttf

(/usr/local/texlive/2020/texmf-dist/tex/generic/stringenc/se-ascii-print.def
File: se-ascii-print.def 2019/11/29 v1.12 stringenc: Printable ASCII characters

)
[1

]
LaTeX Font Info:    Font shape `TU/ClearSans(0)/b/n' will be
(Font)              scaled to size 8.0pt on input line 287.
Requested font "[ClearSans-Bold.ttf]/OT:script=latn;language=dflt;mapping=tex-t
ext;" at 8.0pt
 -> /usr/local/texlive/2020/texmf-dist/fonts/truetype/intel/clearsans/ClearSans
-Bold.ttf
LaTeX Font Info:    Font shape `TU/ClearSans(0)/m/n' will be
(Font)              scaled to size 9.0pt on input line 287.
Requested font "[ClearSans-Regular.ttf]/OT:script=latn;language=dflt;mapping=te
x-text;" at 9.0pt
 -> /usr/local/texlive/2020/texmf-dist/fonts/truetype/intel/clearsans/ClearSans
-Regular.ttf
File: pics/logo.png Graphic file (type bmp)
<pics/logo.png>
File: pics/logo.png Graphic file (type bmp)
<pics/logo.png>
LaTeX Font Info:    Font shape `TU/ClearSans(0)/b/n' will be
(Font)              scaled to size 12.0pt on input line 345.
Requested font "[ClearSans-Bold.ttf]/OT:script=latn;language=dflt;mapping=tex-t
ext;" at 12.0pt
 -> /usr/local/texlive/2020/texmf-dist/fonts/truetype/intel/clearsans/ClearSans
-Bold.ttf
 [2]
Package atveryend Info: Empty hook `BeforeClearDocument' on input line 347.
Package atveryend Info: Empty hook `AfterLastShipout' on input line 347.
 (./template.aux)
Package atveryend Info: Empty hook `AtVeryEndDocument' on input line 347.
Package atveryend Info: Executing hook `AtEndAfterFileList' on input line 347.
Package rerunfilecheck Info: File `template.out' has not changed.
(rerunfilecheck)             Checksum: D41D8CD98F00B204E9800998ECF8427E;0.
 ) 
Here is how much of TeX's memory you used:
 29678 strings out of 479418
 592126 string characters out of 5884586
 970131 words of memory out of 5000000
 46602 multiletter control sequences out of 15000+600000
 534661 words of font info for 66 fonts, out of 8000000 for 9000
 1348 hyphenation exceptions out of 8191
 68i,13n,83p,795b,932s stack positions out of 5000i,500n,10000p,200000b,80000s

Output written on template.pdf (2 pages).
